running egg_info
creating ../build/ackermann_pkg/ackermann_pkg.egg-info
writing ../build/ackermann_pkg/ackermann_pkg.egg-info/PKG-INFO
writing dependency_links to ../build/ackermann_pkg/ackermann_pkg.egg-info/dependency_links.txt
writing entry points to ../build/ackermann_pkg/ackermann_pkg.egg-info/entry_points.txt
writing requirements to ../build/ackermann_pkg/ackermann_pkg.egg-info/requires.txt
writing top-level names to ../build/ackermann_pkg/ackermann_pkg.egg-info/top_level.txt
writing manifest file '../build/ackermann_pkg/ackermann_pkg.egg-info/SOURCES.txt'
reading manifest file '../build/ackermann_pkg/ackermann_pkg.egg-info/SOURCES.txt'
writing manifest file '../build/ackermann_pkg/ackermann_pkg.egg-info/SOURCES.txt'
running build
running build_py
creating /home/user/ros2_ws/src/build/ackermann_pkg/build
creating /home/user/ros2_ws/src/build/ackermann_pkg/build/lib
creating /home/user/ros2_ws/src/build/ackermann_pkg/build/lib/ackermann_pkg
copying ackermann_pkg/ackermann_node.py -> /home/user/ros2_ws/src/build/ackermann_pkg/build/lib/ackermann_pkg
copying ackermann_pkg/__init__.py -> /home/user/ros2_ws/src/build/ackermann_pkg/build/lib/ackermann_pkg
running install
running install_lib
creating /home/user/ros2_ws/src/install/ackermann_pkg/lib/python3.10/site-packages/ackermann_pkg
copying /home/user/ros2_ws/src/build/ackermann_pkg/build/lib/ackermann_pkg/ackermann_node.py -> /home/user/ros2_ws/src/install/ackermann_pkg/lib/python3.10/site-packages/ackermann_pkg
copying /home/user/ros2_ws/src/build/ackermann_pkg/build/lib/ackermann_pkg/__init__.py -> /home/user/ros2_ws/src/install/ackermann_pkg/lib/python3.10/site-packages/ackermann_pkg
byte-compiling /home/user/ros2_ws/src/install/ackermann_pkg/lib/python3.10/site-packages/ackermann_pkg/ackermann_node.py to ackermann_node.cpython-310.pyc
byte-compiling /home/user/ros2_ws/src/install/ackermann_pkg/lib/python3.10/site-packages/ackermann_pkg/__init__.py to __init__.cpython-310.pyc
running install_data
creating /home/user/ros2_ws/src/install/ackermann_pkg/share/ament_index
creating /home/user/ros2_ws/src/install/ackermann_pkg/share/ament_index/resource_index
creating /home/user/ros2_ws/src/install/ackermann_pkg/share/ament_index/resource_index/packages
copying resource/ackermann_pkg -> /home/user/ros2_ws/src/install/ackermann_pkg/share/ament_index/resource_index/packages
copying package.xml -> /home/user/ros2_ws/src/install/ackermann_pkg/share/ackermann_pkg
running install_egg_info
Copying ../build/ackermann_pkg/ackermann_pkg.egg-info to /home/user/ros2_ws/src/install/ackermann_pkg/lib/python3.10/site-packages/ackermann_pkg-0.0.0-py3.10.egg-info
running install_scripts
Installing ackermann_cmd script to /home/user/ros2_ws/src/install/ackermann_pkg/lib/ackermann_pkg
writing list of installed files to '/home/user/ros2_ws/src/build/ackermann_pkg/install.log'
