[0.793s] Invoking command in '/home/user/ros2_ws/src/ackermann_pkg': PYTHONPATH=/home/user/ros2_ws/src/build/ackermann_pkg/prefix_override:/usr/lib/python3/dist-packages/colcon_core/task/python/colcon_distutils_commands:/home/user/ros2_ws/src/install/ackermann_pkg/lib/python3.10/site-packages:${PYTHONPATH} /usr/bin/python3 -W ignore:setup.py install is deprecated -W ignore:easy_install command is deprecated setup.py egg_info --egg-base ../build/ackermann_pkg build --build-base /home/user/ros2_ws/src/build/ackermann_pkg/build install --record /home/user/ros2_ws/src/build/ackermann_pkg/install.log --single-version-externally-managed install_data
[1.050s] running egg_info
[1.051s] creating ../build/ackermann_pkg/ackermann_pkg.egg-info
[1.051s] writing ../build/ackermann_pkg/ackermann_pkg.egg-info/PKG-INFO
[1.051s] writing dependency_links to ../build/ackermann_pkg/ackermann_pkg.egg-info/dependency_links.txt
[1.052s] writing entry points to ../build/ackermann_pkg/ackermann_pkg.egg-info/entry_points.txt
[1.052s] writing requirements to ../build/ackermann_pkg/ackermann_pkg.egg-info/requires.txt
[1.052s] writing top-level names to ../build/ackermann_pkg/ackermann_pkg.egg-info/top_level.txt
[1.052s] writing manifest file '../build/ackermann_pkg/ackermann_pkg.egg-info/SOURCES.txt'
[1.055s] reading manifest file '../build/ackermann_pkg/ackermann_pkg.egg-info/SOURCES.txt'
[1.057s] writing manifest file '../build/ackermann_pkg/ackermann_pkg.egg-info/SOURCES.txt'
[1.057s] running build
[1.057s] running build_py
[1.057s] creating /home/user/ros2_ws/src/build/ackermann_pkg/build
[1.058s] creating /home/user/ros2_ws/src/build/ackermann_pkg/build/lib
[1.058s] creating /home/user/ros2_ws/src/build/ackermann_pkg/build/lib/ackermann_pkg
[1.059s] copying ackermann_pkg/ackermann_node.py -> /home/user/ros2_ws/src/build/ackermann_pkg/build/lib/ackermann_pkg
[1.059s] copying ackermann_pkg/__init__.py -> /home/user/ros2_ws/src/build/ackermann_pkg/build/lib/ackermann_pkg
[1.060s] running install
[1.060s] running install_lib
[1.061s] creating /home/user/ros2_ws/src/install/ackermann_pkg/lib/python3.10/site-packages/ackermann_pkg
[1.061s] copying /home/user/ros2_ws/src/build/ackermann_pkg/build/lib/ackermann_pkg/ackermann_node.py -> /home/user/ros2_ws/src/install/ackermann_pkg/lib/python3.10/site-packages/ackermann_pkg
[1.061s] copying /home/user/ros2_ws/src/build/ackermann_pkg/build/lib/ackermann_pkg/__init__.py -> /home/user/ros2_ws/src/install/ackermann_pkg/lib/python3.10/site-packages/ackermann_pkg
[1.062s] byte-compiling /home/user/ros2_ws/src/install/ackermann_pkg/lib/python3.10/site-packages/ackermann_pkg/ackermann_node.py to ackermann_node.cpython-310.pyc
[1.064s] byte-compiling /home/user/ros2_ws/src/install/ackermann_pkg/lib/python3.10/site-packages/ackermann_pkg/__init__.py to __init__.cpython-310.pyc
[1.065s] running install_data
[1.065s] creating /home/user/ros2_ws/src/install/ackermann_pkg/share/ament_index
[1.065s] creating /home/user/ros2_ws/src/install/ackermann_pkg/share/ament_index/resource_index
[1.065s] creating /home/user/ros2_ws/src/install/ackermann_pkg/share/ament_index/resource_index/packages
[1.065s] copying resource/ackermann_pkg -> /home/user/ros2_ws/src/install/ackermann_pkg/share/ament_index/resource_index/packages
[1.066s] copying package.xml -> /home/user/ros2_ws/src/install/ackermann_pkg/share/ackermann_pkg
[1.066s] running install_egg_info
[1.069s] Copying ../build/ackermann_pkg/ackermann_pkg.egg-info to /home/user/ros2_ws/src/install/ackermann_pkg/lib/python3.10/site-packages/ackermann_pkg-0.0.0-py3.10.egg-info
[1.072s] running install_scripts
[1.096s] Installing ackermann_cmd script to /home/user/ros2_ws/src/install/ackermann_pkg/lib/ackermann_pkg
[1.097s] writing list of installed files to '/home/user/ros2_ws/src/build/ackermann_pkg/install.log'
[1.119s] Invoked command in '/home/user/ros2_ws/src/ackermann_pkg' returned '0': PYTHONPATH=/home/user/ros2_ws/src/build/ackermann_pkg/prefix_override:/usr/lib/python3/dist-packages/colcon_core/task/python/colcon_distutils_commands:/home/user/ros2_ws/src/install/ackermann_pkg/lib/python3.10/site-packages:${PYTHONPATH} /usr/bin/python3 -W ignore:setup.py install is deprecated -W ignore:easy_install command is deprecated setup.py egg_info --egg-base ../build/ackermann_pkg build --build-base /home/user/ros2_ws/src/build/ackermann_pkg/build install --record /home/user/ros2_ws/src/build/ackermann_pkg/install.log --single-version-externally-managed install_data
